<?xml version="1.0" encoding="utf-8"?><testsuites name="pytest tests"><testsuite name="pytest" errors="0" failures="0" skipped="0" tests="22" time="3.272" timestamp="2026-05-22T01:59:21.621771+00:00" hostname="agent-env-77530baf-9551-453f-ae49-cd85c9b8f3e5"><testcase classname="backend.tests.test_auth_cards.TestAuthLogin" name="test_admin_login_success" time="0.452" /><testcase classname="backend.tests.test_auth_cards.TestAuthLogin" name="test_volunteer_login_success" time="0.274" /><testcase classname="backend.tests.test_auth_cards.TestAuthLogin" name="test_login_wrong_password_401" time="0.272" /><testcase classname="backend.tests.test_auth_cards.TestAuthLogin" name="test_login_unknown_email_401" time="0.059" /><testcase classname="backend.tests.test_auth_cards.TestAuthLogin" name="test_login_email_case_insensitive" time="0.276" /><testcase classname="backend.tests.test_auth_cards.TestAuthMe" name="test_me_with_token" time="0.340" /><testcase classname="backend.tests.test_auth_cards.TestAuthMe" name="test_me_without_token_401" time="0.118" /><testcase classname="backend.tests.test_auth_cards.TestAuthMe" name="test_me_with_invalid_token_401" time="0.048" /><testcase classname="backend.tests.test_auth_cards.TestCardConsentGate" name="test_create_card_without_auth_401" time="0.172" /><testcase classname="backend.tests.test_auth_cards.TestCardConsentGate" name="test_create_card_stability_false_returns_400" time="0.057" /><testcase classname="backend.tests.test_auth_cards.TestCardConsentGate" name="test_create_card_notes_consent_false_returns_400" time="0.054" /><testcase classname="backend.tests.test_auth_cards.TestCardConsentGate" name="test_create_card_layer2_requires_public_consent_returns_400" time="0.049" /><testcase classname="backend.tests.test_auth_cards.TestCardCRUD" name="test_create_card_full_consent" time="0.055" /><testcase classname="backend.tests.test_auth_cards.TestCardCRUD" name="test_list_cards_includes_created" time="0.058" /><testcase classname="backend.tests.test_auth_cards.TestCardCRUD" name="test_list_cards_requires_operator" time="0.112" /><testcase classname="backend.tests.test_auth_cards.TestCardCRUD" name="test_get_card_by_id" time="0.054" /><testcase classname="backend.tests.test_auth_cards.TestCardCRUD" name="test_get_card_not_found_404" time="0.055" /><testcase classname="backend.tests.test_auth_cards.TestCardCRUD" name="test_patch_public_layer" time="0.059" /><testcase classname="backend.tests.test_auth_cards.TestCardCRUD" name="test_patch_private_layer_by_admin" time="0.058" /><testcase classname="backend.tests.test_auth_cards.TestCardCRUD" name="test_patch_private_layer_by_other_operator_returns_403" time="0.328" /><testcase classname="backend.tests.test_auth_cards.TestCardCRUD" name="test_patch_public_layer_by_other_operator_allowed" time="0.057" /><testcase classname="backend.tests.test_auth_cards.TestCardCRUD" name="test_revoke_consent_clears_public_and_drops_layer" time="0.055" /></testsuite></testsuites>