<?xml version="1.0" encoding="utf-8"?><testsuites name="pytest tests"><testsuite name="pytest" errors="0" failures="1" skipped="0" tests="12" time="2.128" timestamp="2026-05-22T02:31:18.664535+00:00" hostname="agent-env-77530baf-9551-453f-ae49-cd85c9b8f3e5"><testcase classname="backend.tests.test_stats.TestPublicStats" name="test_public_stats_no_auth_returns_full_shape" time="0.316" /><testcase classname="backend.tests.test_stats.TestPublicStats" name="test_public_stats_seeds_defaults_when_singleton_absent" time="0.055" /><testcase classname="backend.tests.test_stats.TestPublicStats" name="test_public_stats_volunteers_count_reflects_new_volunteer" time="0.112"><failure message="AssertionError: {&quot;detail&quot;:[{&quot;type&quot;:&quot;value_error&quot;,&quot;loc&quot;:[&quot;body&quot;,&quot;email&quot;],&quot;msg&quot;:&quot;value is not a valid email address: The part after the @-sign is a special-use or reserved name that cannot be used with email.&quot;,&quot;input&quot;:&quot;test_kpi_fbfaa6b3@test.local&quot;,&quot;ctx&quot;:{&quot;reason&quot;:&quot;The part after the @-sign is a special-use or reserved name that cannot be used with email.&quot;}}]}&#10;assert 422 == 200&#10; +  where 422 = &lt;Response [422]&gt;.status_code">backend/tests/test_stats.py:85: in test_public_stats_volunteers_count_reflects_new_volunteer
    assert r.status_code == 200, r.text
E   AssertionError: {"detail":[{"type":"value_error","loc":["body","email"],"msg":"value is not a valid email address: The part after the @-sign is a special-use or reserved name that cannot be used with email.","input":"test_kpi_fbfaa6b3@test.local","ctx":{"reason":"The part after the @-sign is a special-use or reserved name that cannot be used with email."}}]}
E   assert 422 == 200
E    +  where 422 = &lt;Response [422]&gt;.status_code</failure></testcase><testcase classname="backend.tests.test_stats.TestAdminStatsGet" name="test_admin_stats_requires_auth" time="0.051" /><testcase classname="backend.tests.test_stats.TestAdminStatsGet" name="test_admin_stats_works_for_admin" time="0.325" /><testcase classname="backend.tests.test_stats.TestAdminStatsGet" name="test_admin_stats_works_for_volunteer" time="0.335" /><testcase classname="backend.tests.test_stats.TestAdminStatsPatch" name="test_patch_requires_auth" time="0.050" /><testcase classname="backend.tests.test_stats.TestAdminStatsPatch" name="test_patch_as_volunteer_forbidden" time="0.053" /><testcase classname="backend.tests.test_stats.TestAdminStatsPatch" name="test_patch_negative_values_rejected" time="0.053" /><testcase classname="backend.tests.test_stats.TestAdminStatsPatch" name="test_patch_as_admin_updates_and_public_reflects" time="0.122" /><testcase classname="backend.tests.test_stats.TestPeopleHeldDerivation" name="test_people_held_increments_on_new_layer1_card" time="0.222" /><testcase classname="backend.tests.test_stats.TestPeopleHeldDerivation" name="test_revoking_card_decreases_people_held" time="0.221" /></testsuite></testsuites>